<?xml version="1.0" encoding="UTF-8"?>
<!-- Generated by org.testng.reporters.JUnitReportReporter -->
<testsuite skipped="0" hostname="keenal-B85M-DS3H-A" name="Test.ForgotPwd_test" tests="9" failures="0" timestamp="20 Jul 2018 07:18:12 GMT" time="92.520" errors="0">
  <testcase name="FP1" time="2.110" classname="Test.ForgotPwd_test"/>
  <testcase name="FP2" time="16.051" classname="Test.ForgotPwd_test"/>
  <testcase name="FP3" time="2.180" classname="Test.ForgotPwd_test"/>
  <testcase name="FP4" time="17.930" classname="Test.ForgotPwd_test"/>
  <testcase name="FP5" time="3.444" classname="Test.ForgotPwd_test"/>
  <testcase name="FP6" time="9.454" classname="Test.ForgotPwd_test"/>
  <testcase name="FP7" time="4.207" classname="Test.ForgotPwd_test"/>
  <testcase name="FP8" time="14.080" classname="Test.ForgotPwd_test"/>
  <testcase name="FP9" time="23.064" classname="Test.ForgotPwd_test"/>
</testsuite> <!-- Test.ForgotPwd_test -->
