<?xml version="1.0" encoding="UTF-8"?>
<!-- Generated by org.testng.reporters.JUnitReportReporter -->
<testsuite skipped="0" hostname="keenal-B85M-DS3H-A" name="Test.Login_test" tests="9" failures="0" timestamp="19 Jul 2018 14:29:55 GMT" time="133.032" errors="0">
  <testcase name="L8" time="1.358" classname="Test.Login_test"/>
  <testcase name="L1" time="20.107" classname="Test.Login_test"/>
  <testcase name="L4" time="13.820" classname="Test.Login_test"/>
  <testcase name="L5" time="18.466" classname="Test.Login_test"/>
  <testcase name="L2" time="17.018" classname="Test.Login_test"/>
  <testcase name="L3" time="15.352" classname="Test.Login_test"/>
  <testcase name="L6" time="15.761" classname="Test.Login_test"/>
  <testcase name="L7" time="14.842" classname="Test.Login_test"/>
  <testcase name="L9" time="16.308" classname="Test.Login_test"/>
</testsuite> <!-- Test.Login_test -->
